{"C:\\Users\\Matthias\\localhost\\uniride\\Uniride-trips\\src\\services\\calcul.service.ts": {"path":"C:\\Users\\Matthias\\localhost\\uniride\\Uniride-trips\\src\\services\\calcul.service.ts","statementMap":{"0":{"start":{"line":6,"column":8},"end":{"line":6,"column":30}},"1":{"start":{"line":10,"column":8},"end":{"line":15,"column":null}},"2":{"start":{"line":11,"column":29},"end":{"line":11,"column":85}},"3":{"start":{"line":12,"column":12},"end":{"line":12,"column":28}},"4":{"start":{"line":14,"column":12},"end":{"line":14,"column":24}},"5":{"start":{"line":19,"column":29},"end":{"line":19,"column":69}},"6":{"start":{"line":20,"column":29},"end":{"line":20,"column":67}},"7":{"start":{"line":22,"column":18},"end":{"line":22,"column":24}},"8":{"start":{"line":24,"column":19},"end":{"line":24,"column":39}},"9":{"start":{"line":25,"column":19},"end":{"line":25,"column":39}},"10":{"start":{"line":26,"column":19},"end":{"line":26,"column":48}},"11":{"start":{"line":27,"column":19},"end":{"line":27,"column":48}},"12":{"start":{"line":30,"column":18},"end":{"line":32,"column":53}},"13":{"start":{"line":33,"column":18},"end":{"line":33,"column":64}},"14":{"start":{"line":36,"column":18},"end":{"line":36,"column":23}},"15":{"start":{"line":38,"column":8},"end":{"line":38,"column":17}},"16":{"start":{"line":43,"column":29},"end":{"line":43,"column":44}},"17":{"start":{"line":44,"column":8},"end":{"line":44,"column":46}},"18":{"start":{"line":1,"column":0},"end":{"line":1,"column":13}}},"fnMap":{"0":{"name":"(anonymous_7)","decl":{"start":{"line":5,"column":4},"end":{"line":5,"column":null}},"loc":{"start":{"line":5,"column":4},"end":{"line":7,"column":5}}},"1":{"name":"(anonymous_8)","decl":{"start":{"line":9,"column":10},"end":{"line":9,"column":21}},"loc":{"start":{"line":9,"column":48},"end":{"line":16,"column":null}}},"2":{"name":"(anonymous_10)","decl":{"start":{"line":18,"column":10},"end":{"line":18,"column":27}},"loc":{"start":{"line":18,"column":70},"end":{"line":39,"column":null}}},"3":{"name":"(anonymous_12)","decl":{"start":{"line":42,"column":10},"end":{"line":42,"column":33}},"loc":{"start":{"line":42,"column":50},"end":{"line":45,"column":null}}}},"branchMap":{},"s":{"0":2,"1":0,"2":0,"3":0,"4":0,"5":1,"6":1,"7":1,"8":1,"9":1,"10":1,"11":1,"12":1,"13":1,"14":1,"15":1,"16":1,"17":1,"18":1},"f":{"0":2,"1":0,"2":1,"3":1},"b":{}}
}
